Performing C SOURCE FILE Test UV_LINT_NO_UNUSED_PARAMETER failed with the following output:
Change Dir: C:/Users/StevenSon'd/source/repos/Dmarch28/node/deps/uv/out/build/x64-Debug (default)/CMakeFiles/CMakeTmp

Run Build Command(s):C:/Program Files (x86)/Microsoft Visual Studio/2019/Community/Common7/IDE/CommonExtensions/Microsoft/CMake/Ninja/ninja.exe cmTC_68bc5 && [1/2] Building C object CMakeFiles\cmTC_68bc5.dir\src.c.obj
FAILED: CMakeFiles/cmTC_68bc5.dir/src.c.obj 
C:\PROGRA~2\MICROS~3\2019\COMMUN~1\VC\Tools\MSVC\1428~1.293\bin\Hostx64\x64\cl.exe  /nologo   /DWIN32 /D_WINDOWS /W3 -DUV_LINT_NO_UNUSED_PARAMETER /MDd /Zi /Ob0 /Od /RTC1   -Wno-unused-parameter /showIncludes /FoCMakeFiles\cmTC_68bc5.dir\src.c.obj /FdCMakeFiles\cmTC_68bc5.dir\ /FS -c src.c
cl : Command line error D8021 : invalid numeric argument '/Wno-unused-parameter'
ninja: build stopped: subcommand failed.


Source file was:
int main(void) { return 0; }
Performing C SOURCE FILE Test UV_LINT_STRICT_PROTOTYPES failed with the following output:
Change Dir: C:/Users/StevenSon'd/source/repos/Dmarch28/node/deps/uv/out/build/x64-Debug (default)/CMakeFiles/CMakeTmp

Run Build Command(s):C:/Program Files (x86)/Microsoft Visual Studio/2019/Community/Common7/IDE/CommonExtensions/Microsoft/CMake/Ninja/ninja.exe cmTC_4cac3 && [1/2] Building C object CMakeFiles\cmTC_4cac3.dir\src.c.obj
FAILED: CMakeFiles/cmTC_4cac3.dir/src.c.obj 
C:\PROGRA~2\MICROS~3\2019\COMMUN~1\VC\Tools\MSVC\1428~1.293\bin\Hostx64\x64\cl.exe  /nologo   /DWIN32 /D_WINDOWS /W3 -DUV_LINT_STRICT_PROTOTYPES /MDd /Zi /Ob0 /Od /RTC1   -Wstrict-prototypes /showIncludes /FoCMakeFiles\cmTC_4cac3.dir\src.c.obj /FdCMakeFiles\cmTC_4cac3.dir\ /FS -c src.c
cl : Command line error D8021 : invalid numeric argument '/Wstrict-prototypes'
ninja: build stopped: subcommand failed.


Source file was:
int main(void) { return 0; }
Performing C SOURCE FILE Test UV_LINT_EXTRA failed with the following output:
Change Dir: C:/Users/StevenSon'd/source/repos/Dmarch28/node/deps/uv/out/build/x64-Debug (default)/CMakeFiles/CMakeTmp

Run Build Command(s):C:/Program Files (x86)/Microsoft Visual Studio/2019/Community/Common7/IDE/CommonExtensions/Microsoft/CMake/Ninja/ninja.exe cmTC_b3d44 && [1/2] Building C object CMakeFiles\cmTC_b3d44.dir\src.c.obj
FAILED: CMakeFiles/cmTC_b3d44.dir/src.c.obj 
C:\PROGRA~2\MICROS~3\2019\COMMUN~1\VC\Tools\MSVC\1428~1.293\bin\Hostx64\x64\cl.exe  /nologo   /DWIN32 /D_WINDOWS /W3 -DUV_LINT_EXTRA /MDd /Zi /Ob0 /Od /RTC1   -Wextra /showIncludes /FoCMakeFiles\cmTC_b3d44.dir\src.c.obj /FdCMakeFiles\cmTC_b3d44.dir\ /FS -c src.c
cl : Command line error D8021 : invalid numeric argument '/Wextra'
ninja: build stopped: subcommand failed.


Source file was:
int main(void) { return 0; }
